<?xml version="1.0" encoding="UTF-8"?>
<!-- Generated by org.testng.reporters.JUnitXMLReporter -->
<testsuite ignored="2" hostname="DESKTOP-BN3PUO8" failures="0" tests="2" name="Default test" time="15.245" errors="0" timestamp="2022-11-09T17:00:37 IST">
  <testcase classname="tests.rest.TC001_CreateIncident" name="createIncident" time="10.853"/>
  <testcase classname="tests.rest.TC004_UpdateIncident" name="createCR" time="4.232"/>
  <testcase classname="lib.rest.PreAndTest" name="@BeforeSuite beforeSuite" time="0.0">
    <ignored/>
  </testcase> <!-- @BeforeSuite beforeSuite -->
  <testcase classname="lib.rest.PreAndTest" name="@AfterSuite afterSuite" time="0.0">
    <ignored/>
  </testcase> <!-- @AfterSuite afterSuite -->
</testsuite> <!-- Default test -->
