<?xml version="1.0" encoding="UTF-8"?>
<testng-results ignored="0" total="1" passed="1" failed="0" skipped="0">
  <reporter-output>
  </reporter-output>
  <suite started-at="2022-11-11T18:44:29 IST" name="Suite" finished-at="2022-11-11T18:44:46 IST" duration-ms="16912">
    <groups>
    </groups>
    <test started-at="2022-11-11T18:44:29 IST" name="Test" finished-at="2022-11-11T18:44:46 IST" duration-ms="16912">
      <class name="test.TestJava">
        <test-method signature="test()[pri:0, instance:test.TestJava@3514a4c0]" started-at="2022-11-11T18:44:29 IST" name="test" finished-at="2022-11-11T18:44:46 IST" duration-ms="16847" status="PASS">
          <reporter-output>
          </reporter-output>
        </test-method> <!-- test -->
      </class> <!-- test.TestJava -->
    </test> <!-- Test -->
  </suite> <!-- Suite -->
</testng-results>
