<?xml version="1.0" encoding="UTF-8"?>
<testng-results ignored="2" total="4" passed="2" failed="0" skipped="0">
  <reporter-output>
  </reporter-output>
  <suite started-at="2022-11-09T17:00:22 IST" name="Default suite" finished-at="2022-11-09T17:00:37 IST" duration-ms="15245">
    <groups>
    </groups>
    <test started-at="2022-11-09T17:00:22 IST" name="Default test" finished-at="2022-11-09T17:00:37 IST" duration-ms="15245">
      <class name="tests.rest.TC004_UpdateIncident">
        <test-method is-config="true" signature="beforeSuite()[pri:0, instance:tests.rest.TC004_UpdateIncident@350aac89]" started-at="2022-11-09T17:00:20 IST" name="beforeSuite" finished-at="2022-11-09T17:00:22 IST" duration-ms="1585" status="PASS">
          <reporter-output>
          </reporter-output>
        </test-method> <!-- beforeSuite -->
        <test-method is-config="true" signature="setValues()[pri:0, instance:tests.rest.TC004_UpdateIncident@350aac89]" started-at="2022-11-09T17:00:22 IST" name="setValues" finished-at="2022-11-09T17:00:22 IST" duration-ms="0" status="PASS">
          <reporter-output>
          </reporter-output>
        </test-method> <!-- setValues -->
        <test-method is-config="true" signature="beforeClass()[pri:0, instance:tests.rest.TC004_UpdateIncident@350aac89]" started-at="2022-11-09T17:00:33 IST" name="beforeClass" finished-at="2022-11-09T17:00:33 IST" duration-ms="1" status="PASS">
          <reporter-output>
          </reporter-output>
        </test-method> <!-- beforeClass -->
        <test-method is-config="true" signature="beforeMethod()[pri:0, instance:tests.rest.TC004_UpdateIncident@350aac89]" started-at="2022-11-09T17:00:33 IST" name="beforeMethod" finished-at="2022-11-09T17:00:33 IST" duration-ms="2" status="PASS">
          <reporter-output>
          </reporter-output>
        </test-method> <!-- beforeMethod -->
        <test-method signature="createCR(java.io.File)[pri:0, instance:tests.rest.TC004_UpdateIncident@350aac89]" started-at="2022-11-09T17:00:33 IST" name="createCR" data-provider="fetchData" finished-at="2022-11-09T17:00:37 IST" depends-on-methods="tests.rest.TC001_CreateIncident.createIncident" duration-ms="4232" status="PASS">
          <params>
            <param index="0">
              <value>
                <![CDATA[.\data\TC003.JSON]]>
              </value>
            </param>
          </params>
          <reporter-output>
          </reporter-output>
        </test-method> <!-- createCR -->
        <test-method is-config="true" signature="afterMethod()[pri:0, instance:tests.rest.TC004_UpdateIncident@350aac89]" started-at="2022-11-09T17:00:37 IST" name="afterMethod" finished-at="2022-11-09T17:00:37 IST" duration-ms="3" status="PASS">
          <reporter-output>
          </reporter-output>
        </test-method> <!-- afterMethod -->
        <test-method is-config="true" signature="afterSuite()[pri:0, instance:tests.rest.TC004_UpdateIncident@350aac89]" started-at="2022-11-09T17:00:37 IST" name="afterSuite" finished-at="2022-11-09T17:00:38 IST" duration-ms="849" status="PASS">
          <reporter-output>
          </reporter-output>
        </test-method> <!-- afterSuite -->
      </class> <!-- tests.rest.TC004_UpdateIncident -->
      <class name="tests.rest.TC001_CreateIncident">
        <test-method is-config="true" signature="setValues()[pri:0, instance:tests.rest.TC001_CreateIncident@4b29d1d2]" started-at="2022-11-09T17:00:22 IST" name="setValues" finished-at="2022-11-09T17:00:22 IST" duration-ms="1" status="PASS">
          <reporter-output>
          </reporter-output>
        </test-method> <!-- setValues -->
        <test-method is-config="true" signature="beforeClass()[pri:0, instance:tests.rest.TC001_CreateIncident@4b29d1d2]" started-at="2022-11-09T17:00:22 IST" name="beforeClass" finished-at="2022-11-09T17:00:22 IST" duration-ms="2" status="PASS">
          <reporter-output>
          </reporter-output>
        </test-method> <!-- beforeClass -->
        <test-method is-config="true" signature="beforeMethod()[pri:0, instance:tests.rest.TC001_CreateIncident@4b29d1d2]" started-at="2022-11-09T17:00:22 IST" name="beforeMethod" finished-at="2022-11-09T17:00:22 IST" duration-ms="18" status="PASS">
          <reporter-output>
          </reporter-output>
        </test-method> <!-- beforeMethod -->
        <test-method signature="createIncident(java.io.File)[pri:0, instance:tests.rest.TC001_CreateIncident@4b29d1d2]" started-at="2022-11-09T17:00:22 IST" name="createIncident" data-provider="fetchData" finished-at="2022-11-09T17:00:33 IST" duration-ms="10853" status="PASS">
          <params>
            <param index="0">
              <value>
                <![CDATA[.\data\TC001.JSON]]>
              </value>
            </param>
          </params>
          <reporter-output>
          </reporter-output>
        </test-method> <!-- createIncident -->
        <test-method is-config="true" signature="afterMethod()[pri:0, instance:tests.rest.TC001_CreateIncident@4b29d1d2]" started-at="2022-11-09T17:00:33 IST" name="afterMethod" finished-at="2022-11-09T17:00:33 IST" duration-ms="1" status="PASS">
          <reporter-output>
          </reporter-output>
        </test-method> <!-- afterMethod -->
      </class> <!-- tests.rest.TC001_CreateIncident -->
    </test> <!-- Default test -->
  </suite> <!-- Default suite -->
</testng-results>
